{"numFailedTestSuites":0,"numFailedTests":0,"numPassedTestSuites":2,"numPassedTests":16,"numPendingTestSuites":0,"numPendingTests":0,"numRuntimeErrorTestSuites":0,"numTodoTests":0,"numTotalTestSuites":2,"numTotalTests":16,"openHandles":[],"snapshot":{"added":0,"didUpdate":false,"failure":false,"filesAdded":0,"filesRemoved":0,"filesRemovedList":[],"filesUnmatched":0,"filesUpdated":0,"matched":0,"total":0,"unchecked":0,"uncheckedKeysByFile":[],"unmatched":0,"updated":0},"startTime":1773320199747,"success":true,"testResults":[{"assertionResults":[{"ancestorTitles":["OrderService","create"],"duration":9,"failing":false,"failureDetails":[],"failureMessages":[],"fullName":"OrderService create should snapshot price from DB and calculate totalPrice correctly (single item)","invocations":1,"location":null,"numPassingAsserts":1,"retryReasons":[],"startAt":1773320200661,"status":"passed","title":"should snapshot price from DB and calculate totalPrice correctly (single item)"},{"ancestorTitles":["OrderService","create"],"duration":3,"failing":false,"failureDetails":[],"failureMessages":[],"fullName":"OrderService create should calculate totalPrice for multiple items","invocations":1,"location":null,"numPassingAsserts":1,"retryReasons":[],"startAt":1773320200670,"status":"passed","title":"should calculate totalPrice for multiple items"},{"ancestorTitles":["OrderService","create"],"duration":7,"failing":false,"failureDetails":[],"failureMessages":[],"fullName":"OrderService create should throw NotFoundException when menuItemId does not exist","invocations":1,"location":null,"numPassingAsserts":1,"retryReasons":[],"startAt":1773320200674,"status":"passed","title":"should throw NotFoundException when menuItemId does not exist"},{"ancestorTitles":["OrderService","findAll"],"duration":3,"failing":false,"failureDetails":[],"failureMessages":[],"fullName":"OrderService findAll should return all orders sorted by newest first","invocations":1,"location":null,"numPassingAsserts":2,"retryReasons":[],"startAt":1773320200681,"status":"passed","title":"should return all orders sorted by newest first"},{"ancestorTitles":["OrderService","updateStatus"],"duration":1,"failing":false,"failureDetails":[],"failureMessages":[],"fullName":"OrderService updateStatus should update status to finished","invocations":1,"location":null,"numPassingAsserts":2,"retryReasons":[],"startAt":1773320200684,"status":"passed","title":"should update status to finished"},{"ancestorTitles":["OrderService","updateStatus"],"duration":1,"failing":false,"failureDetails":[],"failureMessages":[],"fullName":"OrderService updateStatus should update status to unfinished","invocations":1,"location":null,"numPassingAsserts":1,"retryReasons":[],"startAt":1773320200685,"status":"passed","title":"should update status to unfinished"},{"ancestorTitles":["OrderService","updateStatus"],"duration":2,"failing":false,"failureDetails":[],"failureMessages":[],"fullName":"OrderService updateStatus should throw NotFoundException when order not found","invocations":1,"location":null,"numPassingAsserts":1,"retryReasons":[],"startAt":1773320200686,"status":"passed","title":"should throw NotFoundException when order not found"},{"ancestorTitles":["OrderService","getSummary"],"duration":1,"failing":false,"failureDetails":[],"failureMessages":[],"fullName":"OrderService getSummary should return totalOrders, totalRevenue, and orders","invocations":1,"location":null,"numPassingAsserts":3,"retryReasons":[],"startAt":1773320200688,"status":"passed","title":"should return totalOrders, totalRevenue, and orders"},{"ancestorTitles":["OrderService","getSummary"],"duration":1,"failing":false,"failureDetails":[],"failureMessages":[],"fullName":"OrderService getSummary should return zeros when no orders exist","invocations":1,"location":null,"numPassingAsserts":2,"retryReasons":[],"startAt":1773320200689,"status":"passed","title":"should return zeros when no orders exist"}],"endTime":1773320200691,"message":"","name":"D:\\cafe-system\\backend\\src\\order\\order.service.spec.ts","startTime":1773320199972,"status":"passed","summary":""},{"assertionResults":[{"ancestorTitles":["MenuService","findAll"],"duration":3,"failing":false,"failureDetails":[],"failureMessages":[],"fullName":"MenuService findAll should return active menu items only","invocations":1,"location":null,"numPassingAsserts":2,"retryReasons":[],"startAt":1773320200891,"status":"passed","title":"should return active menu items only"},{"ancestorTitles":["MenuService","findAll"],"duration":1,"failing":false,"failureDetails":[],"failureMessages":[],"fullName":"MenuService findAll should return empty array when no active items","invocations":1,"location":null,"numPassingAsserts":1,"retryReasons":[],"startAt":1773320200894,"status":"passed","title":"should return empty array when no active items"},{"ancestorTitles":["MenuService","create"],"duration":1,"failing":false,"failureDetails":[],"failureMessages":[],"fullName":"MenuService create should create and return a new menu item","invocations":1,"location":null,"numPassingAsserts":1,"retryReasons":[],"startAt":1773320200895,"status":"passed","title":"should create and return a new menu item"},{"ancestorTitles":["MenuService","update"],"duration":1,"failing":false,"failureDetails":[],"failureMessages":[],"fullName":"MenuService update should update and return the updated menu item","invocations":1,"location":null,"numPassingAsserts":2,"retryReasons":[],"startAt":1773320200896,"status":"passed","title":"should update and return the updated menu item"},{"ancestorTitles":["MenuService","update"],"duration":3,"failing":false,"failureDetails":[],"failureMessages":[],"fullName":"MenuService update should throw NotFoundException when item not found","invocations":1,"location":null,"numPassingAsserts":1,"retryReasons":[],"startAt":1773320200897,"status":"passed","title":"should throw NotFoundException when item not found"},{"ancestorTitles":["MenuService","remove"],"duration":8,"failing":false,"failureDetails":[],"failureMessages":[],"fullName":"MenuService remove should delete and return the deleted menu item","invocations":1,"location":null,"numPassingAsserts":2,"retryReasons":[],"startAt":1773320200900,"status":"passed","title":"should delete and return the deleted menu item"},{"ancestorTitles":["MenuService","remove"],"duration":2,"failing":false,"failureDetails":[],"failureMessages":[],"fullName":"MenuService remove should throw NotFoundException when item not found","invocations":1,"location":null,"numPassingAsserts":1,"retryReasons":[],"startAt":1773320200908,"status":"passed","title":"should throw NotFoundException when item not found"}],"endTime":1773320200910,"message":"","name":"D:\\cafe-system\\backend\\src\\menu\\menu.service.spec.ts","startTime":1773320200698,"status":"passed","summary":""}],"wasInterrupted":false}
