TN:
SF:src\app.module.ts
FN:15,(anonymous_1)
FNF:1
FNH:0
FNDA:0,(anonymous_1)
DA:1,0
DA:2,0
DA:3,0
DA:4,0
DA:5,0
DA:15,0
DA:23,0
LF:7
LH:0
BRF:0
BRH:0
end_of_record
TN:
SF:src\main.ts
FN:5,bootstrap
FNF:1
FNH:0
FNDA:0,bootstrap
DA:1,0
DA:2,0
DA:3,0
DA:6,0
DA:9,0
DA:15,0
DA:24,0
DA:25,0
DA:27,0
LF:9
LH:0
BRDA:10,0,0,0
BRDA:10,0,1,0
BRDA:24,1,0,0
BRDA:24,1,1,0
BRDA:25,2,0,0
BRDA:25,2,1,0
BRF:6
BRH:0
end_of_record
TN:
SF:src\seed.ts
FN:14,(anonymous_1)
FN:25,seed
FN:50,(anonymous_3)
FNF:3
FNH:0
FNDA:0,(anonymous_1)
FNDA:0,seed
FNDA:0,(anonymous_3)
DA:1,0
DA:2,0
DA:3,0
DA:4,0
DA:6,0
DA:14,0
DA:23,0
DA:26,0
DA:27,0
DA:31,0
DA:39,0
DA:40,0
DA:41,0
DA:43,0
DA:44,0
DA:47,0
DA:50,0
DA:51,0
DA:52,0
LF:19
LH:0
BRDA:40,0,0,0
BRDA:40,0,1,0
BRF:2
BRH:0
end_of_record
TN:
SF:src\menu\menu.controller.ts
FN:18,(anonymous_4)
FN:21,(anonymous_5)
FN:27,(anonymous_6)
FN:32,(anonymous_7)
FN:37,(anonymous_8)
FNF:5
FNH:0
FNDA:0,(anonymous_4)
FNDA:0,(anonymous_5)
FNDA:0,(anonymous_6)
FNDA:0,(anonymous_7)
FNDA:0,(anonymous_8)
DA:1,0
DA:12,0
DA:13,0
DA:14,0
DA:17,0
DA:18,0
DA:21,0
DA:22,0
DA:27,0
DA:28,0
DA:32,0
DA:33,0
DA:37,0
DA:38,0
LF:14
LH:0
BRDA:27,0,0,0
BRDA:27,0,1,0
BRDA:27,1,0,0
BRDA:27,1,1,0
BRDA:32,2,0,0
BRDA:32,2,1,0
BRDA:32,3,0,0
BRDA:32,3,1,0
BRDA:18,4,0,0
BRDA:18,4,1,0
BRDA:18,5,0,0
BRDA:18,5,1,0
BRF:12
BRH:0
end_of_record
TN:
SF:src\menu\menu.module.ts
FNF:0
FNH:0
DA:1,0
DA:2,0
DA:3,0
DA:4,0
DA:5,0
DA:17,0
LF:6
LH:0
BRF:0
BRH:0
end_of_record
TN:
SF:src\menu\menu.schema.ts
FNF:0
FNH:0
DA:1,2
DA:7,2
DA:9,2
DA:12,2
DA:15,2
DA:18,2
DA:21,2
LF:7
LH:7
BRF:0
BRH:0
end_of_record
TN:
SF:src\menu\menu.service.ts
FN:10,(anonymous_4)
FN:15,(anonymous_5)
FN:19,(anonymous_6)
FN:24,(anonymous_7)
FN:39,(anonymous_8)
FNF:5
FNH:5
FNDA:7,(anonymous_4)
FNDA:2,(anonymous_5)
FNDA:1,(anonymous_6)
FNDA:2,(anonymous_7)
FNDA:2,(anonymous_8)
DA:1,1
DA:2,1
DA:3,1
DA:4,1
DA:9,1
DA:12,7
DA:16,2
DA:20,1
DA:21,1
DA:28,2
DA:32,2
DA:33,1
DA:36,1
DA:40,2
DA:42,2
DA:43,1
DA:46,1
LF:17
LH:17
BRDA:32,0,0,1
BRDA:32,0,1,1
BRDA:42,1,0,1
BRDA:42,1,1,1
BRDA:12,2,0,1
BRDA:12,2,1,0
BRDA:12,3,0,1
BRDA:12,3,1,1
BRF:8
BRH:7
end_of_record
TN:
SF:src\menu\dto\create-menu.dto.ts
FNF:0
FNH:0
DA:1,0
DA:3,0
DA:6,0
DA:10,0
DA:14,0
LF:5
LH:0
BRF:0
BRH:0
end_of_record
TN:
SF:src\menu\dto\update-menu.dto.ts
FNF:0
FNH:0
DA:1,0
DA:2,0
DA:4,0
LF:3
LH:0
BRF:0
BRH:0
end_of_record
TN:
SF:src\order\order.controller.ts
FN:17,(anonymous_4)
FN:21,(anonymous_5)
FN:26,(anonymous_6)
FN:31,(anonymous_7)
FN:36,(anonymous_8)
FNF:5
FNH:0
FNDA:0,(anonymous_4)
FNDA:0,(anonymous_5)
FNDA:0,(anonymous_6)
FNDA:0,(anonymous_7)
FNDA:0,(anonymous_8)
DA:1,0
DA:11,0
DA:12,0
DA:13,0
DA:16,0
DA:17,0
DA:21,0
DA:22,0
DA:26,0
DA:27,0
DA:31,0
DA:32,0
DA:36,0
DA:37,0
LF:14
LH:0
BRDA:21,0,0,0
BRDA:21,0,1,0
BRDA:21,1,0,0
BRDA:21,1,1,0
BRDA:31,2,0,0
BRDA:31,2,1,0
BRDA:31,3,0,0
BRDA:31,3,1,0
BRDA:17,4,0,0
BRDA:17,4,1,0
BRDA:17,5,0,0
BRDA:17,5,1,0
BRF:12
BRH:0
end_of_record
TN:
SF:src\order\order.module.ts
FNF:0
FNH:0
DA:1,0
DA:2,0
DA:3,0
DA:4,0
DA:5,0
DA:6,0
DA:16,0
LF:7
LH:0
BRF:0
BRH:0
end_of_record
TN:
SF:src\order\order.schema.ts
FNF:0
FNH:0
DA:1,1
DA:2,1
DA:7,1
DA:9,1
DA:12,1
DA:15,1
DA:18,1
DA:21,1
DA:24,1
DA:26,1
DA:29,1
DA:32,1
DA:35,1
DA:38,1
LF:14
LH:14
BRDA:9,0,0,1
BRDA:9,0,1,0
BRDA:9,1,0,1
BRDA:9,1,1,1
BRF:4
BRH:3
end_of_record
TN:
SF:src\order\order.service.ts
FN:11,(anonymous_4)
FN:18,(anonymous_5)
FN:54,(anonymous_6)
FN:58,(anonymous_7)
FN:67,(anonymous_8)
FN:75,(anonymous_9)
FNF:6
FNH:6
FNDA:10,(anonymous_4)
FNDA:3,(anonymous_5)
FNDA:1,(anonymous_6)
FNDA:3,(anonymous_7)
FNDA:2,(anonymous_8)
FNDA:2,(anonymous_9)
DA:1,1
DA:2,1
DA:3,1
DA:4,1
DA:5,1
DA:10,1
DA:13,10
DA:15,10
DA:19,3
DA:20,3
DA:22,3
DA:23,4
DA:27,4
DA:28,1
DA:34,3
DA:35,3
DA:42,3
DA:45,2
DA:51,2
DA:55,1
DA:59,3
DA:63,3
DA:64,2
DA:68,2
DA:73,2
DA:74,2
DA:75,2
DA:79,2
LF:28
LH:28
BRDA:27,0,0,1
BRDA:27,0,1,3
BRDA:63,1,0,1
BRDA:63,1,1,2
BRDA:13,2,0,1
BRDA:13,2,1,0
BRDA:13,3,0,1
BRDA:13,3,1,1
BRDA:13,4,0,1
BRDA:13,4,1,0
BRDA:13,5,0,1
BRDA:13,5,1,1
BRF:12
BRH:10
end_of_record
TN:
SF:src\order\dto\create-order.dto.ts
FN:26,(anonymous_2)
FNF:1
FNH:0
FNDA:0,(anonymous_2)
DA:1,0
DA:2,0
DA:12,0
DA:14,0
DA:19,0
DA:22,0
DA:26,0
DA:27,0
LF:8
LH:0
BRF:0
BRH:0
end_of_record
TN:
SF:src\order\dto\update-order-status.dto.ts
FNF:0
FNH:0
DA:1,0
DA:3,0
DA:5,0
LF:3
LH:0
BRF:0
BRH:0
end_of_record
